build/app/outputs/mapping/release/seeds.txt
com.salamasons.stopgroup.MainActivity: MainActivity()
com.salamasons.stopgroup.MainActivity
...
androidx.core.content.ContextCompat$Api23Impl: int getColor(android.content.Context,int)
com.dexterous.flutterlocalnotifications.models.NotificationChannelDetails: java.lang.String LED_COLOR_RED
com.dexterous.flutterlocalnotifications.models.NotificationDetails: java.lang.String CHANNEL_DESCRIPTION
kotlinx.coroutines.internal.DispatchedContinuation
androidx.core.view.ViewCompat$Api16Impl: void postInvalidateOnAnimation(android.view.View,int,int,int,int)
com.dexterous.flutterlocalnotifications.models.NotificationDetails: void readPlatformSpecifics(java.util.Map,com.dexterous.flutterlocalnotifications.models.NotificationDetails)
androidx.window.layout.SidecarWindowBackend$ExtensionListenerImpl
androidx.window.layout.WindowInfoTrackerImpl
io.flutter.embedding.engine.FlutterJNI: void setRefreshRateFPS(float)
com.dexterous.flutterlocalnotifications.ScheduledNotificationReceiver: void onReceive(android.content.Context,android.content.Intent)
androidx.window.layout.SidecarAdapter: boolean isEqualSidecarWindowLayoutInfo(androidx.window.sidecar.SidecarWindowLayoutInfo,androidx.window.sidecar.SidecarWindowLayoutInfo)
androidx.window.embedding.SplitController: void removeSplitListener(androidx.core.util.Consumer)
kotlinx.coroutines.channels.BufferOverflow: kotlinx.coroutines.channels.BufferOverflow[] values()
com.dexterous.flutterlocalnotifications.models.NotificationDetails
io.flutter.embedding.engine.FlutterJNI: io.flutter.plugin.localization.LocalizationPlugin localizationPlugin
io.flutter.plugin.editing.ImeSyncDeferringInsetsCallback: io.flutter.plugin.editing.ImeSyncDeferringInsetsCallback$InsetsListener insetsListener
kotlin.coroutines.AbstractCoroutineContextElement: kotlin.coroutines.CoroutineContext plus(kotlin.coroutines.CoroutineContext)
com.dexterous.flutterlocalnotifications.NotificationStyle
androidx.window.layout.HardwareFoldingFeature: HardwareFoldingFeature(androidx.window.core.Bounds,androidx.window.layout.HardwareFoldingFeature$Type,androidx.window.layout.FoldingFeature$State)
org.threeten.bp.MonthDay: java.lang.Object readResolve()
kotlinx.coroutines.channels.AbstractChannel$ReceiveHasNext
org.chromium.support_lib_boundary.WebSettingsBoundaryInterface: void setSafeBrowsingEnabled(boolean)
io.flutter.embedding.engine.FlutterJNI: void setAccessibilityDelegate(io.flutter.embedding.engine.FlutterJNI$AccessibilityDelegate)
com.google.android.gms.maps.model.MapStyleOptions: android.os.Parcelable$Creator CREATOR
androidx.window.embedding.ActivityRule: boolean equals(java.lang.Object)
androidx.lifecycle.ReportFragment$LifecycleCallbacks: void onActivityPreStopped(android.app.Activity)
com.dexterous.flutterlocalnotifications.models.NotificationDetails: java.lang.String INDETERMINATE
com.google.android.gms.common.internal.zzj: android.os.Parcelable$Creator CREATOR
com.dexterous.flutterlocalnotifications.models.NotificationDetails: java.lang.String HTML_FORMAT_CONTENT
kotlinx.coroutines.scheduling.CoroutineScheduler$Worker: java.lang.Object nextParkedWorker
kotlinx.coroutines.JobImpl
com.dexterous.flutterlocalnotifications.utils.StringUtils
com.dexterous.flutterlocalnotifications.models.NotificationDetails: java.lang.String ENABLE_VIBRATION
kotlin.jvm.internal.FunctionReference: boolean isOperator()
com.google.android.gms.maps.model.Cap: android.os.Parcelable$Creator CREATOR
com.dexterous.flutterlocalnotifications.models.NotificationDetails: java.lang.String IMPORTANT
androidx.window.embedding.EmbeddingBackend: boolean isSplitSupported()
io.flutter.plugin.editing.ImeSyncDeferringInsetsCallback$AnimationCallback: void onPrepare(android.view.WindowInsetsAnimation)
com.dexterous.flutterlocalnotifications.models.PersonDetails
androidx.window.R$styleable: int[] ActivityFilter
org.chromium.support_lib_boundary.WebViewProviderBoundaryInterface: void insertVisualStateCallback(long,java.lang.reflect.InvocationHandler)
androidx.window.layout.FoldingFeature$OcclusionType: FoldingFeature$OcclusionType(java.lang.String)