build/app/outputs/mapping/release/mapping.txt
# compiler: R8
# compiler_version: 2.1.62
# min_api: 21
# pg_map_id: c3ee2c6
# common_typos_disable
...
kotlinx.coroutines.CoroutinesInternalError -> kotlinx.coroutines.n0:
kotlinx.coroutines.DebugKt -> kotlinx.coroutines.o0:
    boolean ASSERTIONS_ENABLED -> a
    boolean DEBUG -> b
    java.util.concurrent.atomic.AtomicLong COROUTINE_ID -> d
    boolean RECOVER_STACK_TRACES -> c
    boolean getASSERTIONS_ENABLED() -> a
    java.util.concurrent.atomic.AtomicLong getCOROUTINE_ID() -> b
    boolean getDEBUG() -> c
    boolean getRECOVER_STACK_TRACES() -> d
kotlinx.coroutines.DebugStringsKt -> kotlinx.coroutines.p0:
    java.lang.String getClassSimpleName(java.lang.Object) -> a
    java.lang.String getHexAddress(java.lang.Object) -> b
    java.lang.String toDebugString(kotlin.coroutines.Continuation) -> c
kotlinx.coroutines.DefaultExecutor -> kotlinx.coroutines.q0:
    kotlinx.coroutines.DefaultExecutor INSTANCE -> k
    long KEEP_ALIVE_NANOS -> l
    java.lang.Thread getThread() -> J
    void acknowledgeShutdownIfNeeded() -> a0
    java.lang.Thread createThreadSync() -> b0
    boolean isShutdownRequested() -> c0
    boolean notifyStartup() -> d0
kotlinx.coroutines.DispatchedCoroutine -> kotlinx.coroutines.r0:
    java.util.concurrent.atomic.AtomicIntegerFieldUpdater _decision$FU -> h
    void afterResume(java.lang.Object) -> t0
    void afterCompletion(java.lang.Object) -> x
    boolean tryResume() -> y0
kotlinx.coroutines.DispatchedTask -> kotlinx.coroutines.s0:
    int resumeMode -> g
    void cancelCompletedResult$kotlinx_coroutines_core(java.lang.Object,java.lang.Throwable) -> a
    kotlin.coroutines.Continuation getDelegate$kotlinx_coroutines_core() -> c
    java.lang.Throwable getExceptionalResult$kotlinx_coroutines_core(java.lang.Object) -> d
    java.lang.Object getSuccessfulResult$kotlinx_coroutines_core(java.lang.Object) -> f
    void handleFatalException(java.lang.Throwable,java.lang.Throwable) -> g
    java.lang.Object takeState$kotlinx_coroutines_core() -> h
kotlinx.coroutines.DispatchedTaskKt -> kotlinx.coroutines.t0:
    void dispatch(kotlinx.coroutines.DispatchedTask,int) -> a
    boolean isCancellableMode(int) -> b
    boolean isReusableMode(int) -> c
    void resume(kotlinx.coroutines.DispatchedTask,kotlin.coroutines.Continuation,boolean) -> d
    void resumeUnconfined(kotlinx.coroutines.DispatchedTask) -> e
kotlinx.coroutines.DispatcherExecutor -> kotlinx.coroutines.u0:
    kotlinx.coroutines.CoroutineDispatcher dispatcher -> e
kotlinx.coroutines.Dispatchers -> kotlinx.coroutines.v0:
    kotlinx.coroutines.CoroutineDispatcher IO -> b
    kotlinx.coroutines.CoroutineDispatcher Default -> a
    kotlinx.coroutines.CoroutineDispatcher getDefault() -> a
    kotlinx.coroutines.CoroutineDispatcher getIO() -> b
    kotlinx.coroutines.MainCoroutineDispatcher getMain() -> c
kotlinx.coroutines.DisposableHandle -> kotlinx.coroutines.w0:
    void dispose() -> b
kotlinx.coroutines.Empty -> kotlinx.coroutines.x0:
    boolean isActive -> e
    boolean isActive() -> a
    kotlinx.coroutines.NodeList getList() -> h
kotlinx.coroutines.EventLoop -> kotlinx.coroutines.y0:
    long useCount -> f
    boolean shared -> g
    kotlinx.coroutines.internal.ArrayQueue unconfinedQueue -> h
    long delta(boolean) -> A
    void dispatchUnconfined(kotlinx.coroutines.DispatchedTask) -> B
    long getNextTime() -> C
    void incrementUseCount(boolean) -> D
    void incrementUseCount$default(kotlinx.coroutines.EventLoop,boolean,int,java.lang.Object) -> E
    boolean isUnconfinedLoopActive() -> F
    boolean isUnconfinedQueueEmpty() -> G
    boolean processUnconfinedEvent() -> H
    void shutdown() -> I
    void decrementUseCount(boolean) -> z