build/app/outputs/mapping/release/usage.txt
com.salamasons.stopgroup.R
com.salamasons.stopgroup.R$styleable
com.salamasons.stopgroup.BuildConfig
com.salamasons.stopgroup.R$xml
com.salamasons.stopgroup.R$menu
com.salamasons.stopgroup.R$string
com.salamasons.stopgroup.R$color
com.salamasons.stopgroup.R$attr
com.salamasons.stopgroup.R$id
com.salamasons.stopgroup.R$dimen
com.salamasons.stopgroup.R$layout
com.salamasons.stopgroup.R$raw
com.salamasons.stopgroup.R$style
com.salamasons.stopgroup.R$integer
com.salamasons.stopgroup.R$mipmap
com.salamasons.stopgroup.R$drawable
...
com.google.common.util.concurrent.AbstractIdleService$DelegateService$1
androidx.media.AudioAttributesImplBase$Builder:
    void <init>(androidx.media.AudioAttributesCompat)
    public androidx.media.AudioAttributesImplBase$Builder setUsage(int)
    public androidx.media.AudioAttributesImplBase$Builder setContentType(int)
    public androidx.media.AudioAttributesImplBase$Builder setFlags(int)
    public synthetic bridge androidx.media.AudioAttributesImpl$Builder setFlags(int)
    public synthetic bridge androidx.media.AudioAttributesImpl$Builder setContentType(int)
    public synthetic bridge androidx.media.AudioAttributesImpl$Builder setUsage(int)
com.google.common.io.ByteStreams
com.google.common.collect.ImmutableSetMultimap$SetFieldSettersHolder
com.google.common.base.Equivalence$EquivalentToPredicate
com.google.android.exoplayer2.audio.Ac3Util$SyncFrameInfo:
    public static final int STREAM_TYPE_UNDEFINED
    public static final int STREAM_TYPE_TYPE0
    public static final int STREAM_TYPE_TYPE1
    public static final int STREAM_TYPE_TYPE2
kotlin.collections.MutableMapWithDefaultImpl
androidx.core.view.ViewPropertyAnimatorCompat$2
com.google.common.collect.TreeBasedTable$TreeRow
kotlin.collections.AbstractIterator
org.intellij.lang.annotations.JdkConstants$FontStyle
com.google.android.gms.common.SignInButton$ButtonSize
androidx.loader.R
com.google.common.eventbus.Dispatcher$PerThreadQueuedDispatcher$Event
androidx.core.view.WindowInsetsCompat$BuilderImpl30:
    void <init>(androidx.core.view.WindowInsetsCompat)
    void setInsets(int,androidx.core.graphics.Insets)
    void setInsetsIgnoringVisibility(int,androidx.core.graphics.Insets)
    void setVisible(int,boolean)
com.google.common.io.Closeables
com.google.android.gms.common.internal.zzi
org.checkerframework.checker.nullness.qual.MonotonicNonNull
com.google.android.gms.internal.common.zzy
kotlin.collections.AbstractMap
com.google.android.gms.common.internal.HideFirstParty
com.google.common.collect.ComparatorOrdering:
    private static final long serialVersionUID
kotlin.time.DurationUnitKt__DurationUnitKt
com.google.common.collect.AbstractMapBasedMultimap$WrappedSortedSet
com.google.android.exoplayer2.util.FlagSet$Builder:
    public com.google.android.exoplayer2.util.FlagSet$Builder remove(int)
    public com.google.android.exoplayer2.util.FlagSet$Builder removeIf(int,boolean)
    public varargs com.google.android.exoplayer2.util.FlagSet$Builder removeAll(int[])
com.google.common.base.Splitter$2$1
com.google.common.base.Present